<?xml version="1.0" encoding="UTF-8"?>
<!-- Generated by org.testng.reporters.JUnitXMLReporter -->
<testsuite hostname="Draginja-PC" ignored="0" name="Default test" tests="3" failures="0" timestamp="2019-12-14T16:12:55 CET" time="46.203" errors="0">
  <testcase name="cars" time="31.919" classname="phpTravelsTests.VerifyTravelsCarsExtras"/>
  <testcase name="findCarName" time="2.007" classname="phpTravelsTests.VerifyTravelsCarsExtras"/>
  <testcase name="inputStringInPriceFieldTest" time="7.541" classname="phpTravelsTests.VerifyTravelsCarsExtras"/>
</testsuite> <!-- Default test -->
